<?xml version="1.0" encoding="UTF-8"?>
<!-- Generated by org.testng.reporters.JUnitXMLReporter -->
<testsuite ignored="0" hostname="EPHUBUDW07AD" failures="1" tests="3" name="Submit Order Test" time="77.179" errors="0" timestamp="2023-03-06T23:21:55 CET">
  <testcase classname="bhartiacademy.StandAlonePageFactoryTest" name="submitOrder" time="35.212"/>
  <testcase classname="bhartiacademy.StandAlonePageFactoryTest" name="submitOrder" time="34.314">
    <failure type="java.lang.AssertionError" message="expected [true] but found [false]">
      <![CDATA[java.lang.AssertionError: expected [true] but found [false]
at bhartiacademy.StandAlonePageFactoryTest.submitOrder(StandAlonePageFactoryTest.java:63)
at java.base/java.util.ArrayList.forEach(ArrayList.java:1511)
at java.base/java.util.concurrent.FutureTask.run(FutureTask.java:264)
at java.base/java.util.concurrent.ThreadPoolExecutor.runWorker(ThreadPoolExecutor.java:1136)
at java.base/java.util.concurrent.ThreadPoolExecutor$Worker.run(ThreadPoolExecutor.java:635)
at java.base/java.lang.Thread.run(Thread.java:833)
... Removed 21 stack frames]]>
    </failure>
  </testcase> <!-- submitOrder -->
  <testcase classname="bhartiacademy.StandAlonePageFactoryTest" name="orderHistoryTest" time="0.0">
    <skipped/>
  </testcase> <!-- orderHistoryTest -->
</testsuite> <!-- Submit Order Test -->
